4.9747 	WARNING 	We strongly recommend you activate the PTB sound engine in PsychoPy prefs as the preferred audio engine. Its timing is vastly superior. Your prefs are currently set to use ['sounddevice', 'PTB', 'pyo', 'pygame'] (in that order).
16.5294 	WARNING 	User requested fullscreen with size [1024  768], but screen is actually [1366, 768]. Using actual size
18.9694 	EXP 	Created window1 = Window(allowGUI=True, allowStencil=False, autoLog=True, backendConf=UNKNOWN, bitsMode=UNKNOWN, blendMode='avg', bpc=(8, 8, 8), color=array([0, 0, 0]), colorSpace='rgb', depthBits=8, fullscr=<method-wrapper '__getattribute__' of attributeSetter object at 0x000001CCCFF5ACD0>, gamma=None, gammaErrorPolicy='raise', lms=UNKNOWN, monitor=<psychopy.monitors.calibTools.Monitor object at 0x000001CCD203A3A0>, multiSample=False, name='window1', numSamples=2, pos=(0, 0), screen=0, size=array([1366,  768]), stencilBits=0, stereo=False, units='height', useFBO=True, useRetina=False, viewOri=0.0, viewPos=None, viewScale=None, waitBlanking=True, winType='pyglet')
18.9696 	EXP 	window1: mouseVisible = True
18.9698 	EXP 	window1: mouseVisible = False
18.9699 	EXP 	window1: Attempting to measure frame rate of screen (0) ...
18.9699 	EXP 	window1: recordFrameIntervals = False
19.1350 	EXP 	window1: recordFrameIntervals = True
19.3193 	EXP 	Screen (0) actual frame rate measured at 59.87Hz
19.3194 	EXP 	window1: recordFrameIntervals = False
22.7539 	EXP 	Created fixation = ShapeStim(__class__=<class 'psychopy.visual.shape.ShapeStim'>, anchor=('center', 'center'), autoDraw=False, autoLog=True, closeShape=True, color=method-wrapper(...), colorSpace='rgb', contrast=None, depth=-1.0, fillColor=array([1, 1, 1]), fillColorSpace='rgb', fillRGB=array([1, 1, 1]), interpolate=True, lineColor=array([1., 1., 1.]), lineColorSpace='rgb', lineRGB=array([1, 1, 1]), lineWidth=1.0, name='fixation', opacity=1.0, ori=0.0, pos=array([0., 0.]), size=array([10., 10.]), units='pix', vertices=ndarray(...), win=Window(...), windingRule=None)
22.7818 	EXP 	Created grating = GratingStim(__class__=<class 'psychopy.visual.grating.GratingStim'>, anchor='center', autoDraw=False, autoLog=True, blendmode='avg', color=array([1., 1., 1.]), colorSpace='rgb', contrast=1.0, depth=-2.0, interpolate=True, mask='circle', maskParams=None, name='grating', opacity=1.0, ori=0.0, phase=array([0., 0.]), pos=array([0., 0.]), rgbPedestal=array([0., 0., 0.]), sf=array([5., 5.]), size=array([0.1, 0.1]), tex='sin', texRes=128.0, units='height', win=Window(...))
22.7896 	EXP 	Imported C:/Users/HILONI SHAH/Downloads/Untitled spreadsheet (2).xlsx as conditions, 1 conditions, 5 params
23.1318 	EXP 	window1: recordFrameIntervals = False
23.1341 	EXP 	window1: recordFrameIntervals = False
24.1386 	EXP 	fixation: autoDraw = True
24.8367 	EXP 	grating: autoDraw = True
24.8367 	EXP 	grating: tex = 'sin'
25.1507 	EXP 	fixation: autoDraw = False
25.1507 	EXP 	grating: autoDraw = False
25.4974 	DATA 	Keypress: right
25.5010 	EXP 	fixation: autoDraw = False
25.5010 	EXP 	grating: autoDraw = False
25.5013 	EXP 	window1: recordFrameIntervals = False
25.5179 	EXP 	window1: recordFrameIntervals = False
26.4897 	EXP 	fixation: autoDraw = True
27.5009 	EXP 	fixation: autoDraw = False
27.5009 	EXP 	grating: autoDraw = True
27.5009 	EXP 	grating: tex = 'sin'
27.8010 	EXP 	grating: autoDraw = False
27.9210 	DATA 	Keypress: right
27.9341 	EXP 	fixation: autoDraw = False
27.9341 	EXP 	grating: autoDraw = False
27.9344 	EXP 	window1: recordFrameIntervals = False
27.9509 	EXP 	window1: recordFrameIntervals = False
28.9233 	EXP 	fixation: autoDraw = True
29.9348 	EXP 	fixation: autoDraw = False
29.9348 	EXP 	grating: autoDraw = True
29.9348 	EXP 	grating: tex = 'sin'
30.2340 	EXP 	grating: autoDraw = False
30.3209 	DATA 	Keypress: right
30.3339 	EXP 	fixation: autoDraw = False
30.3339 	EXP 	grating: autoDraw = False
30.3341 	EXP 	window1: recordFrameIntervals = False
30.3509 	EXP 	window1: recordFrameIntervals = False
31.3772 	EXP 	fixation: autoDraw = True
32.3341 	EXP 	grating: autoDraw = True
32.3341 	EXP 	grating: tex = 'sin'
32.3840 	EXP 	fixation: autoDraw = False
32.6339 	EXP 	grating: autoDraw = False
32.7206 	DATA 	Keypress: right
32.7339 	EXP 	fixation: autoDraw = False
32.7339 	EXP 	grating: autoDraw = False
32.7342 	EXP 	window1: recordFrameIntervals = False
32.7508 	EXP 	window1: recordFrameIntervals = False
33.7224 	EXP 	fixation: autoDraw = True
34.7340 	EXP 	fixation: autoDraw = False
34.7340 	EXP 	grating: autoDraw = True
34.7340 	EXP 	grating: tex = 'sin'
35.0339 	EXP 	grating: autoDraw = False
35.1383 	DATA 	Keypress: left
35.1505 	EXP 	fixation: autoDraw = False
35.1505 	EXP 	grating: autoDraw = False
35.1507 	EXP 	window1: recordFrameIntervals = False
35.1671 	EXP 	window1: recordFrameIntervals = False
36.1400 	EXP 	fixation: autoDraw = True
37.1504 	EXP 	fixation: autoDraw = False
37.1504 	EXP 	grating: autoDraw = True
37.1504 	EXP 	grating: tex = 'sin'
37.4505 	EXP 	grating: autoDraw = False
37.5039 	DATA 	Keypress: right
37.5170 	EXP 	fixation: autoDraw = False
37.5170 	EXP 	grating: autoDraw = False
37.5173 	EXP 	window1: recordFrameIntervals = False
37.5339 	EXP 	window1: recordFrameIntervals = False
38.5051 	EXP 	fixation: autoDraw = True
39.5173 	EXP 	fixation: autoDraw = False
39.5173 	EXP 	grating: autoDraw = True
39.5173 	EXP 	grating: tex = 'sin'
39.8169 	EXP 	grating: autoDraw = False
39.9034 	DATA 	Keypress: left
39.9169 	EXP 	fixation: autoDraw = False
39.9169 	EXP 	grating: autoDraw = False
39.9172 	EXP 	window1: recordFrameIntervals = False
39.9338 	EXP 	window1: recordFrameIntervals = False
40.9054 	EXP 	fixation: autoDraw = True
41.9171 	EXP 	fixation: autoDraw = False
41.9171 	EXP 	grating: autoDraw = True
41.9171 	EXP 	grating: tex = 'sin'
42.2169 	EXP 	grating: autoDraw = False
42.2537 	DATA 	Keypress: right
42.2669 	EXP 	fixation: autoDraw = False
42.2669 	EXP 	grating: autoDraw = False
42.2672 	EXP 	window1: recordFrameIntervals = False
42.2837 	EXP 	window1: recordFrameIntervals = False
43.2565 	EXP 	fixation: autoDraw = True
44.2671 	EXP 	fixation: autoDraw = False
44.2671 	EXP 	grating: autoDraw = True
44.2671 	EXP 	grating: tex = 'sin'
44.5667 	EXP 	grating: autoDraw = False
44.7204 	DATA 	Keypress: right
44.7335 	EXP 	fixation: autoDraw = False
44.7335 	EXP 	grating: autoDraw = False
44.7338 	EXP 	window1: recordFrameIntervals = False
44.7504 	EXP 	window1: recordFrameIntervals = False
45.7224 	EXP 	fixation: autoDraw = True
46.7335 	EXP 	fixation: autoDraw = False
46.7335 	EXP 	grating: autoDraw = True
46.7335 	EXP 	grating: tex = 'sin'
47.0333 	EXP 	grating: autoDraw = False
47.1195 	DATA 	Keypress: left
47.1499 	EXP 	fixation: autoDraw = False
47.1499 	EXP 	grating: autoDraw = False
47.1501 	EXP 	window1: recordFrameIntervals = False
47.1666 	EXP 	window1: recordFrameIntervals = False
48.1393 	EXP 	fixation: autoDraw = True
49.1500 	EXP 	fixation: autoDraw = False
49.1500 	EXP 	grating: autoDraw = True
49.1500 	EXP 	grating: tex = 'sin'
49.4499 	EXP 	grating: autoDraw = False
49.5037 	DATA 	Keypress: right
49.5167 	EXP 	fixation: autoDraw = False
49.5167 	EXP 	grating: autoDraw = False
49.5170 	EXP 	window1: recordFrameIntervals = False
49.5336 	EXP 	window1: recordFrameIntervals = False
50.5061 	EXP 	fixation: autoDraw = True
51.5167 	EXP 	fixation: autoDraw = False
51.5167 	EXP 	grating: autoDraw = True
51.5167 	EXP 	grating: tex = 'sin'
51.8166 	EXP 	grating: autoDraw = False
51.9705 	DATA 	Keypress: right
51.9833 	EXP 	fixation: autoDraw = False
51.9833 	EXP 	grating: autoDraw = False
51.9838 	EXP 	window1: recordFrameIntervals = False
52.0000 	EXP 	window1: recordFrameIntervals = False
52.9723 	EXP 	fixation: autoDraw = True
53.9832 	EXP 	fixation: autoDraw = False
53.9832 	EXP 	grating: autoDraw = True
53.9832 	EXP 	grating: tex = 'sin'
54.2831 	EXP 	grating: autoDraw = False
54.3872 	DATA 	Keypress: right
54.3998 	EXP 	fixation: autoDraw = False
54.3998 	EXP 	grating: autoDraw = False
54.4001 	EXP 	window1: recordFrameIntervals = False
54.4166 	EXP 	window1: recordFrameIntervals = False
55.3880 	EXP 	fixation: autoDraw = True
56.3998 	EXP 	fixation: autoDraw = False
56.3998 	EXP 	grating: autoDraw = True
56.3998 	EXP 	grating: tex = 'sin'
56.6999 	EXP 	grating: autoDraw = False
56.7863 	DATA 	Keypress: left
56.7998 	EXP 	fixation: autoDraw = False
56.7998 	EXP 	grating: autoDraw = False
56.8000 	EXP 	window1: recordFrameIntervals = False
56.8165 	EXP 	window1: recordFrameIntervals = False
57.7895 	EXP 	fixation: autoDraw = True
58.7997 	EXP 	fixation: autoDraw = False
58.7997 	EXP 	grating: autoDraw = True
58.7997 	EXP 	grating: tex = 'sin'
59.0995 	EXP 	grating: autoDraw = False
59.5862 	DATA 	Keypress: right
59.5995 	EXP 	fixation: autoDraw = False
59.5995 	EXP 	grating: autoDraw = False
59.5998 	EXP 	window1: recordFrameIntervals = False
59.6164 	EXP 	window1: recordFrameIntervals = False
60.5885 	EXP 	fixation: autoDraw = True
61.5997 	EXP 	fixation: autoDraw = False
61.5997 	EXP 	grating: autoDraw = True
61.5997 	EXP 	grating: tex = 'sin'
61.8994 	EXP 	grating: autoDraw = False
62.0197 	DATA 	Keypress: right
62.0328 	EXP 	fixation: autoDraw = False
62.0328 	EXP 	grating: autoDraw = False
62.0331 	EXP 	window1: recordFrameIntervals = False
62.0497 	EXP 	window1: recordFrameIntervals = False
63.0216 	EXP 	fixation: autoDraw = True
64.0329 	EXP 	fixation: autoDraw = False
64.0329 	EXP 	grating: autoDraw = True
64.0329 	EXP 	grating: tex = 'sin'
64.3327 	EXP 	grating: autoDraw = False
64.3852 	DATA 	Keypress: right
64.4161 	EXP 	fixation: autoDraw = False
64.4161 	EXP 	grating: autoDraw = False
64.4163 	EXP 	window1: recordFrameIntervals = False
64.4328 	EXP 	window1: recordFrameIntervals = False
65.4045 	EXP 	fixation: autoDraw = True
66.4161 	EXP 	fixation: autoDraw = False
66.4161 	EXP 	grating: autoDraw = True
66.4161 	EXP 	grating: tex = 'sin'
66.7160 	EXP 	grating: autoDraw = False
66.8196 	DATA 	Keypress: right
66.8326 	EXP 	fixation: autoDraw = False
66.8326 	EXP 	grating: autoDraw = False
66.8329 	EXP 	window1: recordFrameIntervals = False
66.8494 	EXP 	window1: recordFrameIntervals = False
67.8211 	EXP 	fixation: autoDraw = True
68.8327 	EXP 	fixation: autoDraw = False
68.8327 	EXP 	grating: autoDraw = True
68.8327 	EXP 	grating: tex = 'sin'
69.1325 	EXP 	grating: autoDraw = False
69.5531 	DATA 	Keypress: right
69.5660 	EXP 	fixation: autoDraw = False
69.5660 	EXP 	grating: autoDraw = False
69.5662 	EXP 	window1: recordFrameIntervals = False
69.5829 	EXP 	window1: recordFrameIntervals = False
70.5553 	EXP 	fixation: autoDraw = True
71.5661 	EXP 	fixation: autoDraw = False
71.5661 	EXP 	grating: autoDraw = True
71.5661 	EXP 	grating: tex = 'sin'
71.8657 	EXP 	grating: autoDraw = False
71.9357 	DATA 	Keypress: right
71.9492 	EXP 	fixation: autoDraw = False
71.9492 	EXP 	grating: autoDraw = False
71.9495 	EXP 	window1: recordFrameIntervals = False
71.9660 	EXP 	window1: recordFrameIntervals = False
72.9382 	EXP 	fixation: autoDraw = True
73.9494 	EXP 	fixation: autoDraw = False
73.9494 	EXP 	grating: autoDraw = True
73.9494 	EXP 	grating: tex = 'sin'
74.2490 	EXP 	grating: autoDraw = False
74.3148 	DATA 	Keypress: left
74.3173 	EXP 	fixation: autoDraw = False
74.3173 	EXP 	grating: autoDraw = False
74.3179 	EXP 	window1: recordFrameIntervals = False
74.3324 	EXP 	window1: recordFrameIntervals = False
75.3060 	EXP 	fixation: autoDraw = True
76.5179 	EXP 	fixation: autoDraw = False
76.5179 	EXP 	grating: autoDraw = True
76.5179 	EXP 	grating: tex = 'sin'
76.8322 	EXP 	grating: autoDraw = False
77.0416 	EXP 	window1: recordFrameIntervals = False
77.0446 	DATA 	Keypress: right
77.0462 	EXP 	fixation: autoDraw = False
77.0462 	EXP 	grating: autoDraw = False
77.0467 	EXP 	window1: recordFrameIntervals = False
78.0318 	EXP 	fixation: autoDraw = True
78.9657 	EXP 	grating: autoDraw = True
78.9657 	EXP 	grating: tex = 'sin'
79.0322 	EXP 	fixation: autoDraw = False
79.2654 	EXP 	grating: autoDraw = False
79.3024 	DATA 	Keypress: left
79.3155 	EXP 	fixation: autoDraw = False
79.3155 	EXP 	grating: autoDraw = False
79.3158 	EXP 	window1: recordFrameIntervals = False
79.3323 	EXP 	window1: recordFrameIntervals = False
80.3034 	EXP 	fixation: autoDraw = True
81.3156 	EXP 	fixation: autoDraw = False
81.3156 	EXP 	grating: autoDraw = True
81.3156 	EXP 	grating: tex = 'sin'
81.6153 	EXP 	grating: autoDraw = False
81.9525 	DATA 	Keypress: left
81.9654 	EXP 	fixation: autoDraw = False
81.9654 	EXP 	grating: autoDraw = False
81.9656 	EXP 	window1: recordFrameIntervals = False
81.9823 	EXP 	window1: recordFrameIntervals = False
82.9544 	EXP 	fixation: autoDraw = True
83.9670 	EXP 	fixation: autoDraw = False
83.9670 	EXP 	grating: autoDraw = True
83.9670 	EXP 	grating: tex = 'sin'
84.2819 	EXP 	grating: autoDraw = False
84.3686 	DATA 	Keypress: right
84.3819 	EXP 	fixation: autoDraw = False
84.3819 	EXP 	grating: autoDraw = False
84.3822 	EXP 	window1: recordFrameIntervals = False
84.3990 	EXP 	window1: recordFrameIntervals = False
85.3705 	EXP 	fixation: autoDraw = True
86.3822 	EXP 	fixation: autoDraw = False
86.3822 	EXP 	grating: autoDraw = True
86.3822 	EXP 	grating: tex = 'sin'
86.6819 	EXP 	grating: autoDraw = False
86.8383 	DATA 	Keypress: right
86.8485 	EXP 	fixation: autoDraw = False
86.8485 	EXP 	grating: autoDraw = False
86.8487 	EXP 	window1: recordFrameIntervals = False
86.8653 	EXP 	window1: recordFrameIntervals = False
87.8371 	EXP 	fixation: autoDraw = True
88.8488 	EXP 	fixation: autoDraw = False
88.8488 	EXP 	grating: autoDraw = True
88.8488 	EXP 	grating: tex = 'sin'
89.1484 	EXP 	grating: autoDraw = False
89.3873 	DATA 	Keypress: right
89.3986 	EXP 	fixation: autoDraw = False
89.3986 	EXP 	grating: autoDraw = False
89.3989 	EXP 	window1: recordFrameIntervals = False
89.4156 	EXP 	window1: recordFrameIntervals = False
90.3893 	EXP 	fixation: autoDraw = True
91.3983 	EXP 	fixation: autoDraw = False
91.3983 	EXP 	grating: autoDraw = True
91.3983 	EXP 	grating: tex = 'sin'
91.6983 	EXP 	grating: autoDraw = False
91.8021 	DATA 	Keypress: right
91.8150 	EXP 	fixation: autoDraw = False
91.8150 	EXP 	grating: autoDraw = False
91.8153 	EXP 	window1: recordFrameIntervals = False
91.8320 	EXP 	window1: recordFrameIntervals = False
92.8042 	EXP 	fixation: autoDraw = True
93.8152 	EXP 	fixation: autoDraw = False
93.8152 	EXP 	grating: autoDraw = True
93.8152 	EXP 	grating: tex = 'sin'
94.1150 	EXP 	grating: autoDraw = False
94.2507 	DATA 	Keypress: left
94.2652 	EXP 	fixation: autoDraw = False
94.2652 	EXP 	grating: autoDraw = False
94.2655 	EXP 	window1: recordFrameIntervals = False
94.2823 	EXP 	window1: recordFrameIntervals = False
95.2540 	EXP 	fixation: autoDraw = True
96.2650 	EXP 	fixation: autoDraw = False
96.2650 	EXP 	grating: autoDraw = True
96.2650 	EXP 	grating: tex = 'sin'
96.5649 	EXP 	grating: autoDraw = False
96.7185 	DATA 	Keypress: left
96.7315 	EXP 	fixation: autoDraw = False
96.7315 	EXP 	grating: autoDraw = False
96.7318 	EXP 	window1: recordFrameIntervals = False
96.7485 	EXP 	window1: recordFrameIntervals = False
97.7217 	EXP 	fixation: autoDraw = True
98.7315 	EXP 	fixation: autoDraw = False
98.7315 	EXP 	grating: autoDraw = True
98.7315 	EXP 	grating: tex = 'sin'
99.0313 	EXP 	grating: autoDraw = False
99.1853 	DATA 	Keypress: left
99.1980 	EXP 	fixation: autoDraw = False
99.1980 	EXP 	grating: autoDraw = False
99.1982 	EXP 	window1: recordFrameIntervals = False
99.2149 	EXP 	window1: recordFrameIntervals = False
100.1865 	EXP 	fixation: autoDraw = True
101.1981 	EXP 	fixation: autoDraw = False
101.1981 	EXP 	grating: autoDraw = True
101.1981 	EXP 	grating: tex = 'sin'
101.4979 	EXP 	grating: autoDraw = False
101.6024 	DATA 	Keypress: left
101.6145 	EXP 	fixation: autoDraw = False
101.6145 	EXP 	grating: autoDraw = False
101.6148 	EXP 	window1: recordFrameIntervals = False
101.6315 	EXP 	window1: recordFrameIntervals = False
102.6037 	EXP 	fixation: autoDraw = True
103.6147 	EXP 	fixation: autoDraw = False
103.6147 	EXP 	grating: autoDraw = True
103.6147 	EXP 	grating: tex = 'sin'
103.9144 	EXP 	grating: autoDraw = False
104.0012 	DATA 	Keypress: right
104.0145 	EXP 	fixation: autoDraw = False
104.0145 	EXP 	grating: autoDraw = False
104.0147 	EXP 	window1: recordFrameIntervals = False
104.0315 	EXP 	window1: recordFrameIntervals = False
105.0032 	EXP 	fixation: autoDraw = True
106.0146 	EXP 	fixation: autoDraw = False
106.0146 	EXP 	grating: autoDraw = True
106.0146 	EXP 	grating: tex = 'sin'
106.3145 	EXP 	grating: autoDraw = False
106.5514 	DATA 	Keypress: right
106.5645 	EXP 	fixation: autoDraw = False
106.5645 	EXP 	grating: autoDraw = False
106.5649 	EXP 	window1: recordFrameIntervals = False
106.5814 	EXP 	window1: recordFrameIntervals = False
107.5541 	EXP 	fixation: autoDraw = True
108.5646 	EXP 	fixation: autoDraw = False
108.5646 	EXP 	grating: autoDraw = True
108.5646 	EXP 	grating: tex = 'sin'
108.8644 	EXP 	grating: autoDraw = False
108.9512 	DATA 	Keypress: left
108.9644 	EXP 	fixation: autoDraw = False
108.9644 	EXP 	grating: autoDraw = False
108.9647 	EXP 	window1: recordFrameIntervals = False
108.9813 	EXP 	window1: recordFrameIntervals = False
109.9540 	EXP 	fixation: autoDraw = True
110.9645 	EXP 	fixation: autoDraw = False
110.9645 	EXP 	grating: autoDraw = True
110.9645 	EXP 	grating: tex = 'sin'
111.2642 	EXP 	grating: autoDraw = False
111.6176 	DATA 	Keypress: right
111.6309 	EXP 	fixation: autoDraw = False
111.6309 	EXP 	grating: autoDraw = False
111.6312 	EXP 	window1: recordFrameIntervals = False
111.6479 	EXP 	window1: recordFrameIntervals = False
112.6203 	EXP 	fixation: autoDraw = True
113.6310 	EXP 	fixation: autoDraw = False
113.6310 	EXP 	grating: autoDraw = True
113.6310 	EXP 	grating: tex = 'sin'
113.9308 	EXP 	grating: autoDraw = False
113.9850 	DATA 	Keypress: left
113.9977 	EXP 	fixation: autoDraw = False
113.9977 	EXP 	grating: autoDraw = False
113.9982 	EXP 	window1: recordFrameIntervals = False
114.0143 	EXP 	window1: recordFrameIntervals = False
114.9872 	EXP 	fixation: autoDraw = True
115.9975 	EXP 	fixation: autoDraw = False
115.9975 	EXP 	grating: autoDraw = True
115.9975 	EXP 	grating: tex = 'sin'
116.2975 	EXP 	grating: autoDraw = False
116.4182 	DATA 	Keypress: right
116.4307 	EXP 	fixation: autoDraw = False
116.4307 	EXP 	grating: autoDraw = False
116.4310 	EXP 	window1: recordFrameIntervals = False
116.4476 	EXP 	window1: recordFrameIntervals = False
117.4199 	EXP 	fixation: autoDraw = True
118.4309 	EXP 	fixation: autoDraw = False
118.4309 	EXP 	grating: autoDraw = True
118.4309 	EXP 	grating: tex = 'sin'
118.7306 	EXP 	grating: autoDraw = False
118.8843 	DATA 	Keypress: left
118.8974 	EXP 	fixation: autoDraw = False
118.8974 	EXP 	grating: autoDraw = False
118.8977 	EXP 	window1: recordFrameIntervals = False
118.9142 	EXP 	window1: recordFrameIntervals = False
119.8854 	EXP 	fixation: autoDraw = True
120.8974 	EXP 	fixation: autoDraw = False
120.8974 	EXP 	grating: autoDraw = True
120.8974 	EXP 	grating: tex = 'sin'
121.1972 	EXP 	grating: autoDraw = False
121.4337 	DATA 	Keypress: right
121.4471 	EXP 	fixation: autoDraw = False
121.4471 	EXP 	grating: autoDraw = False
121.4474 	EXP 	window1: recordFrameIntervals = False
121.4641 	EXP 	window1: recordFrameIntervals = False
122.4360 	EXP 	fixation: autoDraw = True
123.4473 	EXP 	fixation: autoDraw = False
123.4473 	EXP 	grating: autoDraw = True
123.4473 	EXP 	grating: tex = 'sin'
123.7476 	EXP 	grating: autoDraw = False
123.8838 	DATA 	Keypress: right
123.8970 	EXP 	fixation: autoDraw = False
123.8970 	EXP 	grating: autoDraw = False
123.8973 	EXP 	window1: recordFrameIntervals = False
123.9140 	EXP 	window1: recordFrameIntervals = False
124.8878 	EXP 	fixation: autoDraw = True
125.8973 	EXP 	fixation: autoDraw = False
125.8973 	EXP 	grating: autoDraw = True
125.8973 	EXP 	grating: tex = 'sin'
126.1972 	EXP 	grating: autoDraw = False
126.5509 	DATA 	Keypress: right
126.5636 	EXP 	fixation: autoDraw = False
126.5636 	EXP 	grating: autoDraw = False
126.5639 	EXP 	window1: recordFrameIntervals = False
126.5806 	EXP 	window1: recordFrameIntervals = False
127.5533 	EXP 	fixation: autoDraw = True
128.5638 	EXP 	fixation: autoDraw = False
128.5638 	EXP 	grating: autoDraw = True
128.5638 	EXP 	grating: tex = 'sin'
128.8636 	EXP 	grating: autoDraw = False
128.9344 	DATA 	Keypress: left
128.9469 	EXP 	fixation: autoDraw = False
128.9469 	EXP 	grating: autoDraw = False
128.9472 	EXP 	window1: recordFrameIntervals = False
128.9639 	EXP 	window1: recordFrameIntervals = False
129.9355 	EXP 	fixation: autoDraw = True
130.9471 	EXP 	fixation: autoDraw = False
130.9471 	EXP 	grating: autoDraw = True
130.9471 	EXP 	grating: tex = 'sin'
131.2468 	EXP 	grating: autoDraw = False
131.3503 	DATA 	Keypress: left
131.3636 	EXP 	fixation: autoDraw = False
131.3636 	EXP 	grating: autoDraw = False
131.3638 	EXP 	window1: recordFrameIntervals = False
131.3803 	EXP 	window1: recordFrameIntervals = False
132.3531 	EXP 	fixation: autoDraw = True
133.3635 	EXP 	fixation: autoDraw = False
133.3635 	EXP 	grating: autoDraw = True
133.3635 	EXP 	grating: tex = 'sin'
133.6633 	EXP 	grating: autoDraw = False
133.8670 	DATA 	Keypress: right
133.8803 	EXP 	fixation: autoDraw = False
133.8803 	EXP 	grating: autoDraw = False
133.8806 	EXP 	window1: recordFrameIntervals = False
133.8970 	EXP 	window1: recordFrameIntervals = False
134.8689 	EXP 	fixation: autoDraw = True
135.8801 	EXP 	fixation: autoDraw = False
135.8801 	EXP 	grating: autoDraw = True
135.8801 	EXP 	grating: tex = 'sin'
136.1801 	EXP 	grating: autoDraw = False
136.3003 	DATA 	Keypress: right
136.3133 	EXP 	fixation: autoDraw = False
136.3133 	EXP 	grating: autoDraw = False
136.3136 	EXP 	window1: recordFrameIntervals = False
136.3302 	EXP 	window1: recordFrameIntervals = False
137.3023 	EXP 	fixation: autoDraw = True
138.3134 	EXP 	fixation: autoDraw = False
138.3134 	EXP 	grating: autoDraw = True
138.3134 	EXP 	grating: tex = 'sin'
138.6133 	EXP 	grating: autoDraw = False
138.7166 	DATA 	Keypress: left
138.7299 	EXP 	fixation: autoDraw = False
138.7299 	EXP 	grating: autoDraw = False
138.7301 	EXP 	window1: recordFrameIntervals = False
138.7467 	EXP 	window1: recordFrameIntervals = False
139.7181 	EXP 	fixation: autoDraw = True
140.7299 	EXP 	fixation: autoDraw = False
140.7299 	EXP 	grating: autoDraw = True
140.7299 	EXP 	grating: tex = 'sin'
141.0297 	EXP 	grating: autoDraw = False
141.1179 	DATA 	Keypress: right
141.1299 	EXP 	fixation: autoDraw = False
141.1299 	EXP 	grating: autoDraw = False
141.1302 	EXP 	window1: recordFrameIntervals = False
141.1469 	EXP 	window1: recordFrameIntervals = False
142.1194 	EXP 	fixation: autoDraw = True
143.1300 	EXP 	fixation: autoDraw = False
143.1300 	EXP 	grating: autoDraw = True
143.1300 	EXP 	grating: tex = 'sin'
143.4297 	EXP 	grating: autoDraw = False
143.5832 	DATA 	Keypress: right
143.5964 	EXP 	fixation: autoDraw = False
143.5964 	EXP 	grating: autoDraw = False
143.5967 	EXP 	window1: recordFrameIntervals = False
143.6131 	EXP 	window1: recordFrameIntervals = False
144.5840 	EXP 	fixation: autoDraw = True
145.5964 	EXP 	fixation: autoDraw = False
145.5964 	EXP 	grating: autoDraw = True
145.5964 	EXP 	grating: tex = 'sin'
145.8963 	EXP 	grating: autoDraw = False
146.0992 	DATA 	Keypress: left
146.1006 	EXP 	fixation: autoDraw = False
146.1006 	EXP 	grating: autoDraw = False
146.1130 	EXP 	window1: recordFrameIntervals = False
146.1297 	EXP 	window1: recordFrameIntervals = False
147.1006 	EXP 	fixation: autoDraw = True
148.1131 	EXP 	fixation: autoDraw = False
148.1131 	EXP 	grating: autoDraw = True
148.1131 	EXP 	grating: tex = 'sin'
148.4128 	EXP 	grating: autoDraw = False
148.5499 	DATA 	Keypress: left
148.5630 	EXP 	fixation: autoDraw = False
148.5630 	EXP 	grating: autoDraw = False
148.5633 	EXP 	window1: recordFrameIntervals = False
148.5797 	EXP 	window1: recordFrameIntervals = False
149.5525 	EXP 	fixation: autoDraw = True
150.5631 	EXP 	fixation: autoDraw = False
150.5631 	EXP 	grating: autoDraw = True
150.5631 	EXP 	grating: tex = 'sin'
150.8627 	EXP 	grating: autoDraw = False
150.9829 	DATA 	Keypress: right
150.9961 	EXP 	fixation: autoDraw = False
150.9961 	EXP 	grating: autoDraw = False
150.9964 	EXP 	window1: recordFrameIntervals = False
151.0129 	EXP 	window1: recordFrameIntervals = False
151.9849 	EXP 	fixation: autoDraw = True
152.9963 	EXP 	fixation: autoDraw = False
152.9963 	EXP 	grating: autoDraw = True
152.9963 	EXP 	grating: tex = 'sin'
153.2959 	EXP 	grating: autoDraw = False
153.5162 	DATA 	Keypress: right
153.5293 	EXP 	fixation: autoDraw = False
153.5293 	EXP 	grating: autoDraw = False
153.5295 	EXP 	window1: recordFrameIntervals = False
153.5460 	EXP 	window1: recordFrameIntervals = False
154.5176 	EXP 	fixation: autoDraw = True
155.5294 	EXP 	fixation: autoDraw = False
155.5294 	EXP 	grating: autoDraw = True
155.5294 	EXP 	grating: tex = 'sin'
155.8293 	EXP 	grating: autoDraw = False
155.8832 	DATA 	Keypress: right
155.8959 	EXP 	fixation: autoDraw = False
155.8959 	EXP 	grating: autoDraw = False
155.8962 	EXP 	window1: recordFrameIntervals = False
155.9127 	EXP 	window1: recordFrameIntervals = False
156.8838 	EXP 	fixation: autoDraw = True
157.8960 	EXP 	fixation: autoDraw = False
157.8960 	EXP 	grating: autoDraw = True
157.8960 	EXP 	grating: tex = 'sin'
158.1959 	EXP 	grating: autoDraw = False
158.2660 	DATA 	Keypress: right
158.2791 	EXP 	fixation: autoDraw = False
158.2791 	EXP 	grating: autoDraw = False
158.2794 	EXP 	window1: recordFrameIntervals = False
158.2960 	EXP 	window1: recordFrameIntervals = False
159.2681 	EXP 	fixation: autoDraw = True
160.2792 	EXP 	fixation: autoDraw = False
160.2792 	EXP 	grating: autoDraw = True
160.2792 	EXP 	grating: tex = 'sin'
160.5790 	EXP 	grating: autoDraw = False
160.6826 	DATA 	Keypress: left
160.6957 	EXP 	fixation: autoDraw = False
160.6957 	EXP 	grating: autoDraw = False
160.6962 	EXP 	window1: recordFrameIntervals = False
160.7126 	EXP 	window1: recordFrameIntervals = False
161.6839 	EXP 	fixation: autoDraw = True
162.6958 	EXP 	fixation: autoDraw = False
162.6958 	EXP 	grating: autoDraw = True
162.6958 	EXP 	grating: tex = 'sin'
162.9956 	EXP 	grating: autoDraw = False
163.1991 	DATA 	Keypress: left
163.2124 	EXP 	fixation: autoDraw = False
163.2124 	EXP 	grating: autoDraw = False
163.2127 	EXP 	window1: recordFrameIntervals = False
163.2293 	EXP 	window1: recordFrameIntervals = False
164.2009 	EXP 	fixation: autoDraw = True
165.2124 	EXP 	fixation: autoDraw = False
165.2124 	EXP 	grating: autoDraw = True
165.2124 	EXP 	grating: tex = 'sin'
165.5121 	EXP 	grating: autoDraw = False
165.6820 	DATA 	Keypress: left
165.6956 	EXP 	fixation: autoDraw = False
165.6956 	EXP 	grating: autoDraw = False
165.6959 	EXP 	window1: recordFrameIntervals = False
165.7124 	EXP 	window1: recordFrameIntervals = False
166.6855 	EXP 	fixation: autoDraw = True
167.6957 	EXP 	fixation: autoDraw = False
167.6957 	EXP 	grating: autoDraw = True
167.6957 	EXP 	grating: tex = 'sin'
167.9954 	EXP 	grating: autoDraw = False
168.0985 	DATA 	Keypress: left
168.1121 	EXP 	fixation: autoDraw = False
168.1121 	EXP 	grating: autoDraw = False
168.1125 	EXP 	window1: recordFrameIntervals = False
168.1291 	EXP 	window1: recordFrameIntervals = False
169.1012 	EXP 	fixation: autoDraw = True
170.1123 	EXP 	fixation: autoDraw = False
170.1123 	EXP 	grating: autoDraw = True
170.1123 	EXP 	grating: tex = 'sin'
170.4120 	EXP 	grating: autoDraw = False
170.5322 	DATA 	Keypress: left
170.5454 	EXP 	fixation: autoDraw = False
170.5454 	EXP 	grating: autoDraw = False
170.5457 	EXP 	window1: recordFrameIntervals = False
170.5622 	EXP 	window1: recordFrameIntervals = False
171.5375 	EXP 	fixation: autoDraw = True
172.5454 	EXP 	fixation: autoDraw = False
172.5454 	EXP 	grating: autoDraw = True
172.5454 	EXP 	grating: tex = 'sin'
172.8453 	EXP 	grating: autoDraw = False
172.9154 	DATA 	Keypress: left
172.9287 	EXP 	fixation: autoDraw = False
172.9287 	EXP 	grating: autoDraw = False
172.9290 	EXP 	window1: recordFrameIntervals = False
172.9455 	EXP 	window1: recordFrameIntervals = False
173.9167 	EXP 	fixation: autoDraw = True
174.9287 	EXP 	fixation: autoDraw = False
174.9287 	EXP 	grating: autoDraw = True
174.9287 	EXP 	grating: tex = 'sin'
175.2286 	EXP 	grating: autoDraw = False
175.8650 	DATA 	Keypress: right
175.8785 	EXP 	fixation: autoDraw = False
175.8785 	EXP 	grating: autoDraw = False
175.8788 	EXP 	window1: recordFrameIntervals = False
175.8954 	EXP 	window1: recordFrameIntervals = False
176.8668 	EXP 	fixation: autoDraw = True
177.8786 	EXP 	fixation: autoDraw = False
177.8786 	EXP 	grating: autoDraw = True
177.8786 	EXP 	grating: tex = 'sin'
178.1784 	EXP 	grating: autoDraw = False
178.2154 	DATA 	Keypress: left
178.2284 	EXP 	fixation: autoDraw = False
178.2284 	EXP 	grating: autoDraw = False
178.2287 	EXP 	window1: recordFrameIntervals = False
178.2453 	EXP 	window1: recordFrameIntervals = False
179.2167 	EXP 	fixation: autoDraw = True
180.2284 	EXP 	fixation: autoDraw = False
180.2284 	EXP 	grating: autoDraw = True
180.2284 	EXP 	grating: tex = 'sin'
180.5282 	EXP 	grating: autoDraw = False
180.6646 	DATA 	Keypress: right
180.6784 	EXP 	fixation: autoDraw = False
180.6784 	EXP 	grating: autoDraw = False
180.6786 	EXP 	window1: recordFrameIntervals = False
180.6953 	EXP 	window1: recordFrameIntervals = False
181.6674 	EXP 	fixation: autoDraw = True
182.6784 	EXP 	fixation: autoDraw = False
182.6784 	EXP 	grating: autoDraw = True
182.6784 	EXP 	grating: tex = 'sin'
182.9782 	EXP 	grating: autoDraw = False
183.0820 	DATA 	Keypress: left
183.0949 	EXP 	fixation: autoDraw = False
183.0949 	EXP 	grating: autoDraw = False
183.0952 	EXP 	window1: recordFrameIntervals = False
183.1118 	EXP 	window1: recordFrameIntervals = False
184.0831 	EXP 	fixation: autoDraw = True
185.0948 	EXP 	fixation: autoDraw = False
185.0948 	EXP 	grating: autoDraw = True
185.0948 	EXP 	grating: tex = 'sin'
185.3947 	EXP 	grating: autoDraw = False
185.6816 	DATA 	Keypress: left
185.6948 	EXP 	fixation: autoDraw = False
185.6948 	EXP 	grating: autoDraw = False
185.6951 	EXP 	window1: recordFrameIntervals = False
185.7118 	EXP 	window1: recordFrameIntervals = False
186.6833 	EXP 	fixation: autoDraw = True
187.6948 	EXP 	fixation: autoDraw = False
187.6948 	EXP 	grating: autoDraw = True
187.6948 	EXP 	grating: tex = 'sin'
187.9947 	EXP 	grating: autoDraw = False
188.1163 	DATA 	Keypress: right
188.1282 	EXP 	fixation: autoDraw = False
188.1282 	EXP 	grating: autoDraw = False
188.1285 	EXP 	window1: recordFrameIntervals = False
188.1449 	EXP 	window1: recordFrameIntervals = False
189.1174 	EXP 	fixation: autoDraw = True
190.1282 	EXP 	fixation: autoDraw = False
190.1282 	EXP 	grating: autoDraw = True
190.1282 	EXP 	grating: tex = 'sin'
190.4279 	EXP 	grating: autoDraw = False
190.5810 	DATA 	Keypress: right
190.5946 	EXP 	fixation: autoDraw = False
190.5946 	EXP 	grating: autoDraw = False
190.5949 	EXP 	window1: recordFrameIntervals = False
190.6115 	EXP 	window1: recordFrameIntervals = False
191.5841 	EXP 	fixation: autoDraw = True
192.5947 	EXP 	fixation: autoDraw = False
192.5947 	EXP 	grating: autoDraw = True
192.5947 	EXP 	grating: tex = 'sin'
192.8945 	EXP 	grating: autoDraw = False
193.0981 	DATA 	Keypress: right
193.1112 	EXP 	fixation: autoDraw = False
193.1112 	EXP 	grating: autoDraw = False
193.1116 	EXP 	window1: recordFrameIntervals = False
193.1282 	EXP 	window1: recordFrameIntervals = False
194.1009 	EXP 	fixation: autoDraw = True
195.1113 	EXP 	fixation: autoDraw = False
195.1113 	EXP 	grating: autoDraw = True
195.1113 	EXP 	grating: tex = 'sin'
195.4110 	EXP 	grating: autoDraw = False
195.5310 	DATA 	Keypress: right
195.5444 	EXP 	fixation: autoDraw = False
195.5444 	EXP 	grating: autoDraw = False
195.5446 	EXP 	window1: recordFrameIntervals = False
195.5612 	EXP 	window1: recordFrameIntervals = False
196.5337 	EXP 	fixation: autoDraw = True
197.5445 	EXP 	fixation: autoDraw = False
197.5445 	EXP 	grating: autoDraw = True
197.5445 	EXP 	grating: tex = 'sin'
197.8444 	EXP 	grating: autoDraw = False
197.9497 	DATA 	Keypress: left
197.9611 	EXP 	fixation: autoDraw = False
197.9611 	EXP 	grating: autoDraw = False
197.9614 	EXP 	window1: recordFrameIntervals = False
197.9780 	EXP 	window1: recordFrameIntervals = False
198.9500 	EXP 	fixation: autoDraw = True
199.9611 	EXP 	fixation: autoDraw = False
199.9611 	EXP 	grating: autoDraw = True
199.9611 	EXP 	grating: tex = 'sin'
200.2608 	EXP 	grating: autoDraw = False
202.1152 	DATA 	Keypress: right
202.1276 	EXP 	fixation: autoDraw = False
202.1276 	EXP 	grating: autoDraw = False
202.1280 	EXP 	window1: recordFrameIntervals = False
202.1444 	EXP 	window1: recordFrameIntervals = False
203.1361 	EXP 	fixation: autoDraw = True
204.1276 	EXP 	grating: autoDraw = True
204.1276 	EXP 	grating: tex = 'sin'
204.1440 	EXP 	fixation: autoDraw = False
204.4275 	EXP 	grating: autoDraw = False
204.5148 	DATA 	Keypress: right
204.5274 	EXP 	fixation: autoDraw = False
204.5274 	EXP 	grating: autoDraw = False
204.5277 	EXP 	window1: recordFrameIntervals = False
204.5443 	EXP 	window1: recordFrameIntervals = False
205.5169 	EXP 	fixation: autoDraw = True
206.5274 	EXP 	fixation: autoDraw = False
206.5274 	EXP 	grating: autoDraw = True
206.5274 	EXP 	grating: tex = 'sin'
206.8273 	EXP 	grating: autoDraw = False
206.8974 	DATA 	Keypress: left
206.9106 	EXP 	fixation: autoDraw = False
206.9106 	EXP 	grating: autoDraw = False
206.9109 	EXP 	window1: recordFrameIntervals = False
206.9275 	EXP 	window1: recordFrameIntervals = False
207.8996 	EXP 	fixation: autoDraw = True
208.9107 	EXP 	fixation: autoDraw = False
208.9107 	EXP 	grating: autoDraw = True
208.9107 	EXP 	grating: tex = 'sin'
209.2106 	EXP 	grating: autoDraw = False
209.2808 	DATA 	Keypress: left
209.2939 	EXP 	fixation: autoDraw = False
209.2939 	EXP 	grating: autoDraw = False
209.2942 	EXP 	window1: recordFrameIntervals = False
209.3107 	EXP 	window1: recordFrameIntervals = False
210.2823 	EXP 	fixation: autoDraw = True
211.2940 	EXP 	fixation: autoDraw = False
211.2940 	EXP 	grating: autoDraw = True
211.2940 	EXP 	grating: tex = 'sin'
211.5937 	EXP 	grating: autoDraw = False
211.9806 	DATA 	Keypress: left
211.9938 	EXP 	fixation: autoDraw = False
211.9938 	EXP 	grating: autoDraw = False
211.9941 	EXP 	window1: recordFrameIntervals = False
212.0107 	EXP 	window1: recordFrameIntervals = False
212.9820 	EXP 	fixation: autoDraw = True
213.9940 	EXP 	fixation: autoDraw = False
213.9940 	EXP 	grating: autoDraw = True
213.9940 	EXP 	grating: tex = 'sin'
214.2936 	EXP 	grating: autoDraw = False
214.4805 	DATA 	Keypress: right
214.4936 	EXP 	fixation: autoDraw = False
214.4936 	EXP 	grating: autoDraw = False
214.4938 	EXP 	window1: recordFrameIntervals = False
214.5105 	EXP 	window1: recordFrameIntervals = False
215.4821 	EXP 	fixation: autoDraw = True
216.4939 	EXP 	fixation: autoDraw = False
216.4939 	EXP 	grating: autoDraw = True
216.4939 	EXP 	grating: tex = 'sin'
216.7936 	EXP 	grating: autoDraw = False
217.1694 	DATA 	Keypress: right
217.1769 	EXP 	fixation: autoDraw = False
217.1769 	EXP 	grating: autoDraw = False
217.1772 	EXP 	window1: recordFrameIntervals = False
217.1938 	EXP 	window1: recordFrameIntervals = False
218.1661 	EXP 	fixation: autoDraw = True
219.1771 	EXP 	fixation: autoDraw = False
219.1771 	EXP 	grating: autoDraw = True
219.1771 	EXP 	grating: tex = 'sin'
219.4769 	EXP 	grating: autoDraw = False
219.5809 	DATA 	Keypress: right
219.5936 	EXP 	fixation: autoDraw = False
219.5936 	EXP 	grating: autoDraw = False
219.5942 	EXP 	window1: recordFrameIntervals = False
219.6104 	EXP 	window1: recordFrameIntervals = False
220.5834 	EXP 	fixation: autoDraw = True
221.5935 	EXP 	fixation: autoDraw = False
221.5935 	EXP 	grating: autoDraw = True
221.5935 	EXP 	grating: tex = 'sin'
221.8934 	EXP 	grating: autoDraw = False
222.2135 	DATA 	Keypress: left
222.2267 	EXP 	fixation: autoDraw = False
222.2267 	EXP 	grating: autoDraw = False
222.2271 	EXP 	window1: recordFrameIntervals = False
222.2436 	EXP 	window1: recordFrameIntervals = False
223.2157 	EXP 	fixation: autoDraw = True
224.2269 	EXP 	fixation: autoDraw = False
224.2269 	EXP 	grating: autoDraw = True
224.2269 	EXP 	grating: tex = 'sin'
224.5266 	EXP 	grating: autoDraw = False
224.8798 	DATA 	Keypress: left
224.8932 	EXP 	fixation: autoDraw = False
224.8932 	EXP 	grating: autoDraw = False
224.8935 	EXP 	window1: recordFrameIntervals = False
224.9101 	EXP 	window1: recordFrameIntervals = False
225.8820 	EXP 	fixation: autoDraw = True
226.8935 	EXP 	fixation: autoDraw = False
226.8935 	EXP 	grating: autoDraw = True
226.8935 	EXP 	grating: tex = 'sin'
227.1933 	EXP 	grating: autoDraw = False
227.3298 	DATA 	Keypress: left
227.3431 	EXP 	fixation: autoDraw = False
227.3431 	EXP 	grating: autoDraw = False
227.3434 	EXP 	window1: recordFrameIntervals = False
227.3600 	EXP 	window1: recordFrameIntervals = False
228.3316 	EXP 	fixation: autoDraw = True
229.3432 	EXP 	fixation: autoDraw = False
229.3432 	EXP 	grating: autoDraw = True
229.3432 	EXP 	grating: tex = 'sin'
229.6430 	EXP 	grating: autoDraw = False
229.7299 	DATA 	Keypress: left
229.7432 	EXP 	fixation: autoDraw = False
229.7432 	EXP 	grating: autoDraw = False
229.7435 	EXP 	window1: recordFrameIntervals = False
229.7601 	EXP 	window1: recordFrameIntervals = False
230.7320 	EXP 	fixation: autoDraw = True
231.7432 	EXP 	fixation: autoDraw = False
231.7432 	EXP 	grating: autoDraw = True
231.7432 	EXP 	grating: tex = 'sin'
232.0429 	EXP 	grating: autoDraw = False
232.1799 	DATA 	Keypress: right
232.1933 	EXP 	fixation: autoDraw = False
232.1933 	EXP 	grating: autoDraw = False
232.1936 	EXP 	window1: recordFrameIntervals = False
232.2098 	EXP 	window1: recordFrameIntervals = False
233.1823 	EXP 	fixation: autoDraw = True
234.1932 	EXP 	fixation: autoDraw = False
234.1932 	EXP 	grating: autoDraw = True
234.1932 	EXP 	grating: tex = 'sin'
234.4929 	EXP 	grating: autoDraw = False
234.5648 	DATA 	Keypress: left
234.5929 	EXP 	fixation: autoDraw = False
234.5929 	EXP 	grating: autoDraw = False
234.5931 	EXP 	window1: recordFrameIntervals = False
234.6098 	EXP 	window1: recordFrameIntervals = False
235.5817 	EXP 	fixation: autoDraw = True
236.5930 	EXP 	fixation: autoDraw = False
236.5930 	EXP 	grating: autoDraw = True
236.5930 	EXP 	grating: tex = 'sin'
236.8928 	EXP 	grating: autoDraw = False
236.9966 	DATA 	Keypress: right
237.0098 	EXP 	fixation: autoDraw = False
237.0098 	EXP 	grating: autoDraw = False
237.0101 	EXP 	window1: recordFrameIntervals = False
237.0263 	EXP 	window1: recordFrameIntervals = False
237.9994 	EXP 	fixation: autoDraw = True
238.9931 	EXP 	grating: autoDraw = True
238.9931 	EXP 	grating: tex = 'sin'
239.0094 	EXP 	fixation: autoDraw = False
239.2927 	EXP 	grating: autoDraw = False
239.6961 	DATA 	Keypress: left
239.7095 	EXP 	fixation: autoDraw = False
239.7095 	EXP 	grating: autoDraw = False
239.7097 	EXP 	window1: recordFrameIntervals = False
239.7262 	EXP 	window1: recordFrameIntervals = False
240.6978 	EXP 	fixation: autoDraw = True
241.7095 	EXP 	fixation: autoDraw = False
241.7095 	EXP 	grating: autoDraw = True
241.7095 	EXP 	grating: tex = 'sin'
242.0093 	EXP 	grating: autoDraw = False
242.2460 	DATA 	Keypress: right
242.2592 	EXP 	fixation: autoDraw = False
242.2592 	EXP 	grating: autoDraw = False
242.2595 	EXP 	window1: recordFrameIntervals = False
242.2762 	EXP 	window1: recordFrameIntervals = False
243.2480 	EXP 	fixation: autoDraw = True
244.2593 	EXP 	fixation: autoDraw = False
244.2593 	EXP 	grating: autoDraw = True
244.2593 	EXP 	grating: tex = 'sin'
244.5592 	EXP 	grating: autoDraw = False
244.7627 	DATA 	Keypress: left
244.7759 	EXP 	fixation: autoDraw = False
244.7759 	EXP 	grating: autoDraw = False
244.7762 	EXP 	window1: recordFrameIntervals = False
244.7927 	EXP 	window1: recordFrameIntervals = False
245.7655 	EXP 	fixation: autoDraw = True
246.7759 	EXP 	fixation: autoDraw = False
246.7759 	EXP 	grating: autoDraw = True
246.7759 	EXP 	grating: tex = 'sin'
247.0759 	EXP 	grating: autoDraw = False
247.1958 	DATA 	Keypress: right
247.2092 	EXP 	fixation: autoDraw = False
247.2092 	EXP 	grating: autoDraw = False
247.2097 	EXP 	window1: recordFrameIntervals = False
247.2259 	EXP 	window1: recordFrameIntervals = False
248.1986 	EXP 	fixation: autoDraw = True
249.2092 	EXP 	fixation: autoDraw = False
249.2092 	EXP 	grating: autoDraw = True
249.2092 	EXP 	grating: tex = 'sin'
249.5090 	EXP 	grating: autoDraw = False
249.7293 	DATA 	Keypress: right
249.7424 	EXP 	fixation: autoDraw = False
249.7424 	EXP 	grating: autoDraw = False
249.7427 	EXP 	window1: recordFrameIntervals = False
249.7591 	EXP 	window1: recordFrameIntervals = False
250.7313 	EXP 	fixation: autoDraw = True
251.7425 	EXP 	fixation: autoDraw = False
251.7425 	EXP 	grating: autoDraw = True
251.7425 	EXP 	grating: tex = 'sin'
252.0423 	EXP 	grating: autoDraw = False
252.0806 	DATA 	Keypress: left
252.0923 	EXP 	fixation: autoDraw = False
252.0923 	EXP 	grating: autoDraw = False
252.0927 	EXP 	window1: recordFrameIntervals = False
252.1094 	EXP 	window1: recordFrameIntervals = False
253.0807 	EXP 	fixation: autoDraw = True
254.0923 	EXP 	fixation: autoDraw = False
254.0923 	EXP 	grating: autoDraw = True
254.0923 	EXP 	grating: tex = 'sin'
254.3923 	EXP 	grating: autoDraw = False
254.8123 	DATA 	Keypress: right
254.8254 	EXP 	fixation: autoDraw = False
254.8254 	EXP 	grating: autoDraw = False
254.8257 	EXP 	window1: recordFrameIntervals = False
254.8423 	EXP 	window1: recordFrameIntervals = False
255.8144 	EXP 	fixation: autoDraw = True
256.8256 	EXP 	fixation: autoDraw = False
256.8256 	EXP 	grating: autoDraw = True
256.8256 	EXP 	grating: tex = 'sin'
257.1255 	EXP 	grating: autoDraw = False
257.2453 	DATA 	Keypress: left
257.2587 	EXP 	fixation: autoDraw = False
257.2587 	EXP 	grating: autoDraw = False
257.2590 	EXP 	window1: recordFrameIntervals = False
257.2755 	EXP 	window1: recordFrameIntervals = False
258.2471 	EXP 	fixation: autoDraw = True
259.2589 	EXP 	fixation: autoDraw = False
259.2589 	EXP 	grating: autoDraw = True
259.2589 	EXP 	grating: tex = 'sin'
259.5586 	EXP 	grating: autoDraw = False
259.6619 	DATA 	Keypress: left
259.6755 	EXP 	fixation: autoDraw = False
259.6755 	EXP 	grating: autoDraw = False
259.6758 	EXP 	window1: recordFrameIntervals = False
259.6922 	EXP 	window1: recordFrameIntervals = False
260.6637 	EXP 	fixation: autoDraw = True
261.6753 	EXP 	fixation: autoDraw = False
261.6753 	EXP 	grating: autoDraw = True
261.6753 	EXP 	grating: tex = 'sin'
261.9753 	EXP 	grating: autoDraw = False
262.1135 	DATA 	Keypress: left
262.1253 	EXP 	fixation: autoDraw = False
262.1253 	EXP 	grating: autoDraw = False
262.1257 	EXP 	window1: recordFrameIntervals = False
262.1420 	EXP 	window1: recordFrameIntervals = False
263.1156 	EXP 	fixation: autoDraw = True
264.1254 	EXP 	fixation: autoDraw = False
264.1254 	EXP 	grating: autoDraw = True
264.1254 	EXP 	grating: tex = 'sin'
264.4251 	EXP 	grating: autoDraw = False
264.5449 	DATA 	Keypress: right
264.5586 	EXP 	fixation: autoDraw = False
264.5586 	EXP 	grating: autoDraw = False
264.5589 	EXP 	window1: recordFrameIntervals = False
264.5754 	EXP 	window1: recordFrameIntervals = False
265.5475 	EXP 	fixation: autoDraw = True
266.5586 	EXP 	fixation: autoDraw = False
266.5586 	EXP 	grating: autoDraw = True
266.5586 	EXP 	grating: tex = 'sin'
266.8584 	EXP 	grating: autoDraw = False
267.0465 	DATA 	Keypress: left
267.0584 	EXP 	fixation: autoDraw = False
267.0584 	EXP 	grating: autoDraw = False
267.0588 	EXP 	window1: recordFrameIntervals = False
267.0753 	EXP 	window1: recordFrameIntervals = False
268.0474 	EXP 	fixation: autoDraw = True
269.0585 	EXP 	fixation: autoDraw = False
269.0585 	EXP 	grating: autoDraw = True
269.0585 	EXP 	grating: tex = 'sin'
269.3583 	EXP 	grating: autoDraw = False
269.4948 	DATA 	Keypress: left
269.5082 	EXP 	fixation: autoDraw = False
269.5082 	EXP 	grating: autoDraw = False
269.5085 	EXP 	window1: recordFrameIntervals = False
269.5252 	EXP 	window1: recordFrameIntervals = False
270.4976 	EXP 	fixation: autoDraw = True
271.5084 	EXP 	fixation: autoDraw = False
271.5084 	EXP 	grating: autoDraw = True
271.5084 	EXP 	grating: tex = 'sin'
271.8082 	EXP 	grating: autoDraw = False
271.9270 	DATA 	Keypress: left
271.9414 	EXP 	fixation: autoDraw = False
271.9414 	EXP 	grating: autoDraw = False
272.2730 	EXP 	window1: mouseVisible = True
